<?xml version="1.0" encoding="UTF-8"?>
<testsuite xmlns:xsi="http://www.w3.org/2001/XMLSchema-instance" xsi:noNamespaceSchemaLocation="https://maven.apache.org/surefire/maven-surefire-plugin/xsd/surefire-test-report-3.0.xsd" version="3.0" name="lab.StringUtilsTest" time="0.059" tests="13" errors="0" skipped="0" failures="0">
  <properties>
[...]
</properties>
  <testcase name="capitalize_simple" classname="lab.StringUtilsTest" time="0.013"/>
  <testcase name="isBlank_spaces" classname="lab.StringUtilsTest" time="0.003"/>
  <testcase name="capitalize_empty" classname="lab.StringUtilsTest" time="0.002"/>
  <testcase name="capitalize_null" classname="lab.StringUtilsTest" time="0.002"/>
  <testcase name="reverse_null" classname="lab.StringUtilsTest" time="0.002"/>
  <testcase name="reverse_singleChar" classname="lab.StringUtilsTest" time="0.001"/>
  <testcase name="capitalize_alreadyCapitalized" classname="lab.StringUtilsTest" time="0.001"/>
  <testcase name="isBlank_notBlank" classname="lab.StringUtilsTest" time="0.004"/>
  <testcase name="reverse_unicode" classname="lab.StringUtilsTest" time="0.002"/>
  <testcase name="isBlank_empty" classname="lab.StringUtilsTest" time="0.003"/>
  <testcase name="isBlank_null" classname="lab.StringUtilsTest" time="0.004"/>
  <testcase name="reverse_ascii" classname="lab.StringUtilsTest" time="0.002"/>
  <testcase name="reverse_empty" classname="lab.StringUtilsTest" time="0.001"/>
</testsuite>